# JRE version: OpenJDK Runtime Environment (21.0.5) (build 21.0.5+-13047016-b750.29)
# Java VM: OpenJDK 64-Bit Server VM (21.0.5+-13047016-b750.29, mixed mode, tiered, compressed oops, compressed class ptrs, g1 gc, windows-amd64)
GC Precious Log:
 CardTable entry size: 512
 Card Set container configuration: InlinePtr #cards 5 size 8 Array Of Cards #cards 12 size 40 Howl #buckets 4 coarsen threshold 1843 Howl Bitmap #cards 512 size 80 coarsen threshold 460 Card regions per heap region 1 cards per card region 2048
 CPUs: 12 total, 12 available
 Memory: 16163M
 Large Page Support: Disabled
 NUMA Support: Disabled
 Compressed Oops: Enabled (32-bit)
 Heap Region Size: 1M
 Heap Min Capacity: 8M
 Heap Initial Capacity: 254M
 Heap Max Capacity: 2G
 Pre-touch: Disabled
 Parallel Workers: 10
 Concurrent Workers: 3
 Concurrent Refinement Workers: 10
 Periodic GC: Disabled
Heap:
 garbage-first heap   total 231424K, used 187073K [0x0000000080000000, 0x0000000100000000)
  region size 1024K, 55 young (56320K), 5 survivors (5120K)
 Metaspace       used 133716K, committed 136064K, reserved 1179648K
  class space    used 17814K, committed 19008K, reserved 1048576K
GC Heap History (20 events):
Event: 13.324 GC heap before
{Heap before GC invocations=37 (full 0):
 garbage-first heap   total 171008K, used 152917K [0x0000000080000000, 0x0000000100000000)
  region size 1024K, 50 young (51200K), 7 survivors (7168K)
 Metaspace       used 111726K, committed 113920K, reserved 1179648K
  class space    used 15330K, committed 16448K, reserved 1048576K
}
Event: 13.330 GC heap after
{Heap after GC invocations=38 (full 0):
 garbage-first heap   total 171008K, used 114451K [0x0000000080000000, 0x0000000100000000)
  region size 1024K, 4 young (4096K), 4 survivors (4096K)
 Metaspace       used 111726K, committed 113920K, reserved 1179648K
  class space    used 15330K, committed 16448K, reserved 1048576K
}
Event: 13.456 GC heap before
{Heap before GC invocations=39 (full 0):
 garbage-first heap   total 191488K, used 155411K [0x0000000080000000, 0x0000000100000000)
  region size 1024K, 45 young (46080K), 4 survivors (4096K)
 Metaspace       used 111733K, committed 113920K, reserved 1179648K
  class space    used 15330K, committed 16448K, reserved 1048576K
}
Event: 13.458 GC heap after
{Heap after GC invocations=40 (full 0):
 garbage-first heap   total 191488K, used 115303K [0x0000000080000000, 0x0000000100000000)
  region size 1024K, 4 young (4096K), 4 survivors (4096K)
 Metaspace       used 111733K, committed 113920K, reserved 1179648K
  class space    used 15330K, committed 16448K, reserved 1048576K
}
Event: 13.770 GC heap before
{Heap before GC invocations=40 (full 0):
 garbage-first heap   total 191488K, used 174695K [0x0000000080000000, 0x0000000100000000)
  region size 1024K, 63 young (64512K), 4 survivors (4096K)
 Metaspace       used 112310K, committed 114560K, reserved 1179648K
  class space    used 15443K, committed 16576K, reserved 1048576K
}
Event: 13.775 GC heap after
{Heap after GC invocations=41 (full 0):
 garbage-first heap   total 191488K, used 117268K [0x0000000080000000, 0x0000000100000000)
  region size 1024K, 6 young (6144K), 6 survivors (6144K)
 Metaspace       used 112310K, committed 114560K, reserved 1179648K
  class space    used 15443K, committed 16576K, reserved 1048576K
}
Event: 14.013 GC heap before
{Heap before GC invocations=41 (full 0):
 garbage-first heap   total 191488K, used 173588K [0x0000000080000000, 0x0000000100000000)
  region size 1024K, 62 young (63488K), 6 survivors (6144K)
 Metaspace       used 112446K, committed 114688K, reserved 1179648K
  class space    used 15451K, committed 16576K, reserved 1048576K
}
Event: 14.018 GC heap after
{Heap after GC invocations=42 (full 0):
 garbage-first heap   total 230400K, used 119842K [0x0000000080000000, 0x0000000100000000)
  region size 1024K, 5 young (5120K), 5 survivors (5120K)
 Metaspace       used 112446K, committed 114688K, reserved 1179648K
  class space    used 15451K, committed 16576K, reserved 1048576K
}
Event: 14.855 GC heap before
{Heap before GC invocations=43 (full 0):
 garbage-first heap   total 230400K, used 204834K [0x0000000080000000, 0x0000000100000000)
  region size 1024K, 89 young (91136K), 5 survivors (5120K)
 Metaspace       used 115570K, committed 117760K, reserved 1179648K
  class space    used 15840K, committed 16960K, reserved 1048576K
}
Event: 14.861 GC heap after
{Heap after GC invocations=44 (full 0):
 garbage-first heap   total 230400K, used 124795K [0x0000000080000000, 0x0000000100000000)
  region size 1024K, 10 young (10240K), 10 survivors (10240K)
 Metaspace       used 115570K, committed 117760K, reserved 1179648K
  class space    used 15840K, committed 16960K, reserved 1048576K
}
Event: 15.070 GC heap before
{Heap before GC invocations=44 (full 0):
 garbage-first heap   total 230400K, used 205691K [0x0000000080000000, 0x0000000100000000)
  region size 1024K, 90 young (92160K), 10 survivors (10240K)
 Metaspace       used 116274K, committed 118528K, reserved 1179648K
  class space    used 15955K, committed 17088K, reserved 1048576K
}
Event: 15.078 GC heap after
{Heap after GC invocations=45 (full 0):
 garbage-first heap   total 230400K, used 126383K [0x0000000080000000, 0x0000000100000000)
  region size 1024K, 6 young (6144K), 6 survivors (6144K)
 Metaspace       used 116274K, committed 118528K, reserved 1179648K
  class space    used 15955K, committed 17088K, reserved 1048576K
}
Event: 19.715 GC heap before
{Heap before GC invocations=45 (full 0):
 garbage-first heap   total 230400K, used 208303K [0x0000000080000000, 0x0000000100000000)
  region size 1024K, 87 young (89088K), 6 survivors (6144K)
 Metaspace       used 117623K, committed 119936K, reserved 1179648K
  class space    used 16168K, committed 17344K, reserved 1048576K
}
Event: 19.720 GC heap after
{Heap after GC invocations=46 (full 0):
 garbage-first heap   total 230400K, used 128337K [0x0000000080000000, 0x0000000100000000)
  region size 1024K, 8 young (8192K), 8 survivors (8192K)
 Metaspace       used 117623K, committed 119936K, reserved 1179648K
  class space    used 16168K, committed 17344K, reserved 1048576K
}
Event: 20.345 GC heap before
{Heap before GC invocations=47 (full 0):
 garbage-first heap   total 230400K, used 214353K [0x0000000080000000, 0x0000000100000000)
  region size 1024K, 86 young (88064K), 8 survivors (8192K)
 Metaspace       used 125158K, committed 127488K, reserved 1179648K
  class space    used 17014K, committed 18176K, reserved 1048576K
}
Event: 20.349 GC heap after
{Heap after GC invocations=48 (full 0):
 garbage-first heap   total 230400K, used 131781K [0x0000000080000000, 0x0000000100000000)
  region size 1024K, 7 young (7168K), 7 survivors (7168K)
 Metaspace       used 125158K, committed 127488K, reserved 1179648K
  class space    used 17014K, committed 18176K, reserved 1048576K
}
Event: 21.060 GC heap before
{Heap before GC invocations=48 (full 0):
 garbage-first heap   total 230400K, used 217797K [0x0000000080000000, 0x0000000100000000)
  region size 1024K, 84 young (86016K), 7 survivors (7168K)
 Metaspace       used 131927K, committed 134272K, reserved 1179648K
  class space    used 17682K, committed 18880K, reserved 1048576K
}
Event: 21.068 GC heap after
{Heap after GC invocations=49 (full 0):
 garbage-first heap   total 231424K, used 135788K [0x0000000080000000, 0x0000000100000000)
  region size 1024K, 6 young (6144K), 6 survivors (6144K)
 Metaspace       used 131927K, committed 134272K, reserved 1179648K
  class space    used 17682K, committed 18880K, reserved 1048576K
}
Event: 25.141 GC heap before
{Heap before GC invocations=49 (full 0):
 garbage-first heap   total 231424K, used 153196K [0x0000000080000000, 0x0000000100000000)
  region size 1024K, 25 young (25600K), 6 survivors (6144K)
 Metaspace       used 132237K, committed 134528K, reserved 1179648K
  class space    used 17718K, committed 18880K, reserved 1048576K
}
Event: 25.144 GC heap after
{Heap after GC invocations=50 (full 0):
 garbage-first heap   total 231424K, used 132801K [0x0000000080000000, 0x0000000100000000)
  region size 1024K, 5 young (5120K), 5 survivors (5120K)
 Metaspace       used 132237K, committed 134528K, reserved 1179648K
  class space    used 17718K, committed 18880K, reserved 1048576K
}

